# JRE version: OpenJDK Runtime Environment Temurin-21.0.6+7 (21.0.6+7) (build 21.0.6+7-LTS)
# Java VM: OpenJDK 64-Bit Server VM Temurin-21.0.6+7 (21.0.6+7-LTS, mixed mode, sharing, tiered, compressed oops, compressed class ptrs, parallel gc, windows-amd64)
GC Precious Log:
 CardTable entry size: 512
 CPUs: 4 total, 4 available
 Memory: 7991M
 Large Page Support: Disabled
 NUMA Support: Disabled
 Compressed Oops: Enabled (32-bit)
 Alignments: Space 512K, Generation 512K, Heap 2M
 Heap Min Capacity: 100M
 Heap Initial Capacity: 100M
 Heap Max Capacity: 1G
 Pre-touch: Disabled
 Parallel Workers: 4
Heap:
 PSYoungGen      total 13312K, used 11400K [0x00000000eab00000, 0x00000000ebc00000, 0x0000000100000000)
  eden space 10752K, 82% used [0x00000000eab00000,0x00000000eb3e9728,0x00000000eb580000)
  from space 2560K, 97% used [0x00000000eb980000,0x00000000ebbee008,0x00000000ebc00000)
  to   space 3072K, 0% used [0x00000000eb600000,0x00000000eb600000,0x00000000eb900000)
 ParOldGen       total 375808K, used 371790K [0x00000000c0000000, 0x00000000d6f00000, 0x00000000eab00000)
  object space 375808K, 98% used [0x00000000c0000000,0x00000000d6b13b18,0x00000000d6f00000)
 Metaspace       used 69307K, committed 70720K, reserved 1114112K
  class space    used 7055K, committed 7680K, reserved 1048576K
GC Heap History (20 events):
Event: 29533.081 GC heap before
{Heap before GC invocations=1129 (full 8):
 PSYoungGen      total 14848K, used 14675K [0x00000000eab00000, 0x00000000ec800000, 0x0000000100000000)
  eden space 7680K, 100% used [0x00000000eab00000,0x00000000eb280000,0x00000000eb280000)
  from space 7168K, 97% used [0x00000000ec100000,0x00000000ec7d4fe0,0x00000000ec800000)
  to   space 9728K, 0% used [0x00000000eb500000,0x00000000eb500000,0x00000000ebe80000)
 ParOldGen       total 375808K, used 358604K [0x00000000c0000000, 0x00000000d6f00000, 0x00000000eab00000)
  object space 375808K, 95% used [0x00000000c0000000,0x00000000d5e33018,0x00000000d6f00000)
 Metaspace       used 69030K, committed 70464K, reserved 1114112K
  class space    used 7027K, committed 7680K, reserved 1048576K
}
Event: 29533.086 GC heap after
{Heap after GC invocations=1129 (full 8):
 PSYoungGen      total 16384K, used 7881K [0x00000000eab00000, 0x00000000ec300000, 0x0000000100000000)
  eden space 8192K, 0% used [0x00000000eab00000,0x00000000eab00000,0x00000000eb300000)
  from space 8192K, 96% used [0x00000000eb500000,0x00000000ebcb27e8,0x00000000ebd00000)
  to   space 6144K, 0% used [0x00000000ebd00000,0x00000000ebd00000,0x00000000ec300000)
 ParOldGen       total 375808K, used 358604K [0x00000000c0000000, 0x00000000d6f00000, 0x00000000eab00000)
  object space 375808K, 95% used [0x00000000c0000000,0x00000000d5e33018,0x00000000d6f00000)
 Metaspace       used 69030K, committed 70464K, reserved 1114112K
  class space    used 7027K, committed 7680K, reserved 1048576K
}
Event: 29533.221 GC heap before
{Heap before GC invocations=1130 (full 8):
 PSYoungGen      total 16384K, used 16073K [0x00000000eab00000, 0x00000000ec300000, 0x0000000100000000)
  eden space 8192K, 100% used [0x00000000eab00000,0x00000000eb300000,0x00000000eb300000)
  from space 8192K, 96% used [0x00000000eb500000,0x00000000ebcb27e8,0x00000000ebd00000)
  to   space 6144K, 0% used [0x00000000ebd00000,0x00000000ebd00000,0x00000000ec300000)
 ParOldGen       total 375808K, used 358604K [0x00000000c0000000, 0x00000000d6f00000, 0x00000000eab00000)
  object space 375808K, 95% used [0x00000000c0000000,0x00000000d5e33018,0x00000000d6f00000)
 Metaspace       used 69044K, committed 70464K, reserved 1114112K
  class space    used 7028K, committed 7680K, reserved 1048576K
}
Event: 29533.226 GC heap after
{Heap after GC invocations=1130 (full 8):
 PSYoungGen      total 14848K, used 6139K [0x00000000eab00000, 0x00000000ec380000, 0x0000000100000000)
  eden space 8704K, 0% used [0x00000000eab00000,0x00000000eab00000,0x00000000eb380000)
  from space 6144K, 99% used [0x00000000ebd00000,0x00000000ec2fed50,0x00000000ec300000)
  to   space 8192K, 0% used [0x00000000eb380000,0x00000000eb380000,0x00000000ebb80000)
 ParOldGen       total 375808K, used 360135K [0x00000000c0000000, 0x00000000d6f00000, 0x00000000eab00000)
  object space 375808K, 95% used [0x00000000c0000000,0x00000000d5fb1c20,0x00000000d6f00000)
 Metaspace       used 69044K, committed 70464K, reserved 1114112K
  class space    used 7028K, committed 7680K, reserved 1048576K
}
Event: 29533.252 GC heap before
{Heap before GC invocations=1131 (full 8):
 PSYoungGen      total 14848K, used 14841K [0x00000000eab00000, 0x00000000ec380000, 0x0000000100000000)
  eden space 8704K, 99% used [0x00000000eab00000,0x00000000eb37f878,0x00000000eb380000)
  from space 6144K, 99% used [0x00000000ebd00000,0x00000000ec2fed50,0x00000000ec300000)
  to   space 8192K, 0% used [0x00000000eb380000,0x00000000eb380000,0x00000000ebb80000)
 ParOldGen       total 375808K, used 360135K [0x00000000c0000000, 0x00000000d6f00000, 0x00000000eab00000)
  object space 375808K, 95% used [0x00000000c0000000,0x00000000d5fb1c20,0x00000000d6f00000)
 Metaspace       used 69044K, committed 70464K, reserved 1114112K
  class space    used 7028K, committed 7680K, reserved 1048576K
}
Event: 29533.257 GC heap after
{Heap after GC invocations=1131 (full 8):
 PSYoungGen      total 10240K, used 1494K [0x00000000eab00000, 0x00000000ebd80000, 0x0000000100000000)
  eden space 8704K, 0% used [0x00000000eab00000,0x00000000eab00000,0x00000000eb380000)
  from space 1536K, 97% used [0x00000000eb380000,0x00000000eb4f5808,0x00000000eb500000)
  to   space 4096K, 0% used [0x00000000eb980000,0x00000000eb980000,0x00000000ebd80000)
 ParOldGen       total 375808K, used 365931K [0x00000000c0000000, 0x00000000d6f00000, 0x00000000eab00000)
  object space 375808K, 97% used [0x00000000c0000000,0x00000000d655ae10,0x00000000d6f00000)
 Metaspace       used 69044K, committed 70464K, reserved 1114112K
  class space    used 7028K, committed 7680K, reserved 1048576K
}
Event: 29533.323 GC heap before
{Heap before GC invocations=1132 (full 8):
 PSYoungGen      total 10240K, used 10198K [0x00000000eab00000, 0x00000000ebd80000, 0x0000000100000000)
  eden space 8704K, 100% used [0x00000000eab00000,0x00000000eb380000,0x00000000eb380000)
  from space 1536K, 97% used [0x00000000eb380000,0x00000000eb4f5808,0x00000000eb500000)
  to   space 4096K, 0% used [0x00000000eb980000,0x00000000eb980000,0x00000000ebd80000)
 ParOldGen       total 375808K, used 365931K [0x00000000c0000000, 0x00000000d6f00000, 0x00000000eab00000)
  object space 375808K, 97% used [0x00000000c0000000,0x00000000d655ae10,0x00000000d6f00000)
 Metaspace       used 69044K, committed 70464K, reserved 1114112K
  class space    used 7028K, committed 7680K, reserved 1048576K
}
Event: 29533.324 GC heap after
{Heap after GC invocations=1132 (full 8):
 PSYoungGen      total 11264K, used 1997K [0x00000000eab00000, 0x00000000ebb80000, 0x0000000100000000)
  eden space 9216K, 0% used [0x00000000eab00000,0x00000000eab00000,0x00000000eb400000)
  from space 2048K, 97% used [0x00000000eb980000,0x00000000ebb737e8,0x00000000ebb80000)
  to   space 2560K, 0% used [0x00000000eb680000,0x00000000eb680000,0x00000000eb900000)
 ParOldGen       total 375808K, used 365931K [0x00000000c0000000, 0x00000000d6f00000, 0x00000000eab00000)
  object space 375808K, 97% used [0x00000000c0000000,0x00000000d655ae10,0x00000000d6f00000)
 Metaspace       used 69044K, committed 70464K, reserved 1114112K
  class space    used 7028K, committed 7680K, reserved 1048576K
}
Event: 29533.349 GC heap before
{Heap before GC invocations=1133 (full 8):
 PSYoungGen      total 11264K, used 11213K [0x00000000eab00000, 0x00000000ebb80000, 0x0000000100000000)
  eden space 9216K, 100% used [0x00000000eab00000,0x00000000eb400000,0x00000000eb400000)
  from space 2048K, 97% used [0x00000000eb980000,0x00000000ebb737e8,0x00000000ebb80000)
  to   space 2560K, 0% used [0x00000000eb680000,0x00000000eb680000,0x00000000eb900000)
 ParOldGen       total 375808K, used 365931K [0x00000000c0000000, 0x00000000d6f00000, 0x00000000eab00000)
  object space 375808K, 97% used [0x00000000c0000000,0x00000000d655ae10,0x00000000d6f00000)
 Metaspace       used 69044K, committed 70464K, reserved 1114112K
  class space    used 7028K, committed 7680K, reserved 1048576K
}
Event: 29533.351 GC heap after
{Heap after GC invocations=1133 (full 8):
 PSYoungGen      total 12288K, used 2536K [0x00000000eab00000, 0x00000000eba80000, 0x0000000100000000)
  eden space 9728K, 0% used [0x00000000eab00000,0x00000000eab00000,0x00000000eb480000)
  from space 2560K, 99% used [0x00000000eb680000,0x00000000eb8fa3f0,0x00000000eb900000)
  to   space 1536K, 0% used [0x00000000eb900000,0x00000000eb900000,0x00000000eba80000)
 ParOldGen       total 375808K, used 366235K [0x00000000c0000000, 0x00000000d6f00000, 0x00000000eab00000)
  object space 375808K, 97% used [0x00000000c0000000,0x00000000d65a6e10,0x00000000d6f00000)
 Metaspace       used 69044K, committed 70464K, reserved 1114112K
  class space    used 7028K, committed 7680K, reserved 1048576K
}
Event: 29533.380 GC heap before
{Heap before GC invocations=1134 (full 8):
 PSYoungGen      total 12288K, used 12264K [0x00000000eab00000, 0x00000000eba80000, 0x0000000100000000)
  eden space 9728K, 100% used [0x00000000eab00000,0x00000000eb480000,0x00000000eb480000)
  from space 2560K, 99% used [0x00000000eb680000,0x00000000eb8fa3f0,0x00000000eb900000)
  to   space 1536K, 0% used [0x00000000eb900000,0x00000000eb900000,0x00000000eba80000)
 ParOldGen       total 375808K, used 366235K [0x00000000c0000000, 0x00000000d6f00000, 0x00000000eab00000)
  object space 375808K, 97% used [0x00000000c0000000,0x00000000d65a6e10,0x00000000d6f00000)
 Metaspace       used 69044K, committed 70464K, reserved 1114112K
  class space    used 7028K, committed 7680K, reserved 1048576K
}
Event: 29533.382 GC heap after
{Heap after GC invocations=1134 (full 8):
 PSYoungGen      total 11776K, used 1521K [0x00000000eab00000, 0x00000000ebd00000, 0x0000000100000000)
  eden space 10240K, 0% used [0x00000000eab00000,0x00000000eab00000,0x00000000eb500000)
  from space 1536K, 99% used [0x00000000eb900000,0x00000000eba7c550,0x00000000eba80000)
  to   space 4096K, 0% used [0x00000000eb500000,0x00000000eb500000,0x00000000eb900000)
 ParOldGen       total 375808K, used 368328K [0x00000000c0000000, 0x00000000d6f00000, 0x00000000eab00000)
  object space 375808K, 98% used [0x00000000c0000000,0x00000000d67b2168,0x00000000d6f00000)
 Metaspace       used 69044K, committed 70464K, reserved 1114112K
  class space    used 7028K, committed 7680K, reserved 1048576K
}
Event: 29533.419 GC heap before
{Heap before GC invocations=1135 (full 8):
 PSYoungGen      total 11776K, used 11761K [0x00000000eab00000, 0x00000000ebd00000, 0x0000000100000000)
  eden space 10240K, 100% used [0x00000000eab00000,0x00000000eb500000,0x00000000eb500000)
  from space 1536K, 99% used [0x00000000eb900000,0x00000000eba7c550,0x00000000eba80000)
  to   space 4096K, 0% used [0x00000000eb500000,0x00000000eb500000,0x00000000eb900000)
 ParOldGen       total 375808K, used 368328K [0x00000000c0000000, 0x00000000d6f00000, 0x00000000eab00000)
  object space 375808K, 98% used [0x00000000c0000000,0x00000000d67b2168,0x00000000d6f00000)
 Metaspace       used 69044K, committed 70464K, reserved 1114112K
  class space    used 7028K, committed 7680K, reserved 1048576K
}
Event: 29533.422 GC heap after
{Heap after GC invocations=1135 (full 8):
 PSYoungGen      total 12288K, used 1644K [0x00000000eab00000, 0x00000000eba80000, 0x0000000100000000)
  eden space 10240K, 0% used [0x00000000eab00000,0x00000000eab00000,0x00000000eb500000)
  from space 2048K, 80% used [0x00000000eb500000,0x00000000eb69b008,0x00000000eb700000)
  to   space 2560K, 0% used [0x00000000eb800000,0x00000000eb800000,0x00000000eba80000)
 ParOldGen       total 375808K, used 369366K [0x00000000c0000000, 0x00000000d6f00000, 0x00000000eab00000)
  object space 375808K, 98% used [0x00000000c0000000,0x00000000d68b5b18,0x00000000d6f00000)
 Metaspace       used 69044K, committed 70464K, reserved 1114112K
  class space    used 7028K, committed 7680K, reserved 1048576K
}
Event: 29533.456 GC heap before
{Heap before GC invocations=1136 (full 8):
 PSYoungGen      total 12288K, used 11884K [0x00000000eab00000, 0x00000000eba80000, 0x0000000100000000)
  eden space 10240K, 100% used [0x00000000eab00000,0x00000000eb500000,0x00000000eb500000)
  from space 2048K, 80% used [0x00000000eb500000,0x00000000eb69b008,0x00000000eb700000)
  to   space 2560K, 0% used [0x00000000eb800000,0x00000000eb800000,0x00000000eba80000)
 ParOldGen       total 375808K, used 369366K [0x00000000c0000000, 0x00000000d6f00000, 0x00000000eab00000)
  object space 375808K, 98% used [0x00000000c0000000,0x00000000d68b5b18,0x00000000d6f00000)
 Metaspace       used 69044K, committed 70464K, reserved 1114112K
  class space    used 7028K, committed 7680K, reserved 1048576K
}
Event: 29533.458 GC heap after
{Heap after GC invocations=1136 (full 8):
 PSYoungGen      total 12800K, used 2540K [0x00000000eab00000, 0x00000000ebb80000, 0x0000000100000000)
  eden space 10240K, 0% used [0x00000000eab00000,0x00000000eab00000,0x00000000eb500000)
  from space 2560K, 99% used [0x00000000eb800000,0x00000000eba7b008,0x00000000eba80000)
  to   space 3072K, 0% used [0x00000000eb500000,0x00000000eb500000,0x00000000eb800000)
 ParOldGen       total 375808K, used 369382K [0x00000000c0000000, 0x00000000d6f00000, 0x00000000eab00000)
  object space 375808K, 98% used [0x00000000c0000000,0x00000000d68b9b18,0x00000000d6f00000)
 Metaspace       used 69044K, committed 70464K, reserved 1114112K
  class space    used 7028K, committed 7680K, reserved 1048576K
}
Event: 29533.492 GC heap before
{Heap before GC invocations=1137 (full 8):
 PSYoungGen      total 12800K, used 12771K [0x00000000eab00000, 0x00000000ebb80000, 0x0000000100000000)
  eden space 10240K, 99% used [0x00000000eab00000,0x00000000eb4fde88,0x00000000eb500000)
  from space 2560K, 99% used [0x00000000eb800000,0x00000000eba7b008,0x00000000eba80000)
  to   space 3072K, 0% used [0x00000000eb500000,0x00000000eb500000,0x00000000eb800000)
 ParOldGen       total 375808K, used 369382K [0x00000000c0000000, 0x00000000d6f00000, 0x00000000eab00000)
  object space 375808K, 98% used [0x00000000c0000000,0x00000000d68b9b18,0x00000000d6f00000)
 Metaspace       used 69044K, committed 70464K, reserved 1114112K
  class space    used 7028K, committed 7680K, reserved 1048576K
}
Event: 29533.494 GC heap after
{Heap after GC invocations=1137 (full 8):
 PSYoungGen      total 13312K, used 3052K [0x00000000eab00000, 0x00000000ebd80000, 0x0000000100000000)
  eden space 10240K, 0% used [0x00000000eab00000,0x00000000eab00000,0x00000000eb500000)
  from space 3072K, 99% used [0x00000000eb500000,0x00000000eb7fb008,0x00000000eb800000)
  to   space 4096K, 0% used [0x00000000eb980000,0x00000000eb980000,0x00000000ebd80000)
 ParOldGen       total 375808K, used 370070K [0x00000000c0000000, 0x00000000d6f00000, 0x00000000eab00000)
  object space 375808K, 98% used [0x00000000c0000000,0x00000000d6965b18,0x00000000d6f00000)
 Metaspace       used 69044K, committed 70464K, reserved 1114112K
  class space    used 7028K, committed 7680K, reserved 1048576K
}
Event: 29533.528 GC heap before
{Heap before GC invocations=1138 (full 8):
 PSYoungGen      total 13312K, used 13292K [0x00000000eab00000, 0x00000000ebd80000, 0x0000000100000000)
  eden space 10240K, 100% used [0x00000000eab00000,0x00000000eb500000,0x00000000eb500000)
  from space 3072K, 99% used [0x00000000eb500000,0x00000000eb7fb008,0x00000000eb800000)
  to   space 4096K, 0% used [0x00000000eb980000,0x00000000eb980000,0x00000000ebd80000)
 ParOldGen       total 375808K, used 370070K [0x00000000c0000000, 0x00000000d6f00000, 0x00000000eab00000)
  object space 375808K, 98% used [0x00000000c0000000,0x00000000d6965b18,0x00000000d6f00000)
 Metaspace       used 69044K, committed 70464K, reserved 1114112K
  class space    used 7028K, committed 7680K, reserved 1048576K
}
Event: 29533.531 GC heap after
{Heap after GC invocations=1138 (full 8):
 PSYoungGen      total 13312K, used 2488K [0x00000000eab00000, 0x00000000ebc00000, 0x0000000100000000)
  eden space 10752K, 0% used [0x00000000eab00000,0x00000000eab00000,0x00000000eb580000)
  from space 2560K, 97% used [0x00000000eb980000,0x00000000ebbee008,0x00000000ebc00000)
  to   space 3072K, 0% used [0x00000000eb600000,0x00000000eb600000,0x00000000eb900000)
 ParOldGen       total 375808K, used 371790K [0x00000000c0000000, 0x00000000d6f00000, 0x00000000eab00000)
  object space 375808K, 98% used [0x00000000c0000000,0x00000000d6b13b18,0x00000000d6f00000)
 Metaspace       used 69044K, committed 70464K, reserved 1114112K
  class space    used 7028K, committed 7680K, reserved 1048576K
}

