# JRE version: OpenJDK Runtime Environment Temurin-21.0.6+7 (21.0.6+7) (build 21.0.6+7-LTS)
# Java VM: OpenJDK 64-Bit Server VM Temurin-21.0.6+7 (21.0.6+7-LTS, mixed mode, sharing, tiered, compressed oops, compressed class ptrs, parallel gc, windows-amd64)
GC Precious Log:
 CardTable entry size: 512
 CPUs: 4 total, 4 available
 Memory: 7991M
 Large Page Support: Disabled
 NUMA Support: Disabled
 Compressed Oops: Enabled (32-bit)
 Alignments: Space 512K, Generation 512K, Heap 2M
 Heap Min Capacity: 100M
 Heap Initial Capacity: 100M
 Heap Max Capacity: 1G
 Pre-touch: Disabled
 Parallel Workers: 4
Heap:
 PSYoungGen      total 3072K, used 1080K [0x00000000eab00000, 0x00000000eaf80000, 0x0000000100000000)
  eden space 2560K, 30% used [0x00000000eab00000,0x00000000eabc60e0,0x00000000ead80000)
  from space 512K, 56% used [0x00000000eae80000,0x00000000eaec8040,0x00000000eaf00000)
  to   space 512K, 0% used [0x00000000eaf00000,0x00000000eaf00000,0x00000000eaf80000)
 ParOldGen       total 412160K, used 411802K [0x00000000c0000000, 0x00000000d9280000, 0x00000000eab00000)
  object space 412160K, 99% used [0x00000000c0000000,0x00000000d9226bf0,0x00000000d9280000)
 Metaspace       used 62739K, committed 64192K, reserved 1114112K
  class space    used 6523K, committed 7168K, reserved 1048576K
GC Heap History (20 events):
Event: 28.329 GC heap before
{Heap before GC invocations=263 (full 3):
 PSYoungGen      total 3072K, used 2808K [0x00000000eab00000, 0x00000000eaf80000, 0x0000000100000000)
  eden space 2560K, 100% used [0x00000000eab00000,0x00000000ead80000,0x00000000ead80000)
  from space 512K, 48% used [0x00000000eae80000,0x00000000eaebe168,0x00000000eaf00000)
  to   space 512K, 0% used [0x00000000eaf00000,0x00000000eaf00000,0x00000000eaf80000)
 ParOldGen       total 409088K, used 408978K [0x00000000c0000000, 0x00000000d8f80000, 0x00000000eab00000)
  object space 409088K, 99% used [0x00000000c0000000,0x00000000d8f64908,0x00000000d8f80000)
 Metaspace       used 62004K, committed 63488K, reserved 1114112K
  class space    used 6451K, committed 7104K, reserved 1048576K
}
Event: 28.331 GC heap after
{Heap after GC invocations=263 (full 3):
 PSYoungGen      total 3072K, used 160K [0x00000000eab00000, 0x00000000eaf80000, 0x0000000100000000)
  eden space 2560K, 0% used [0x00000000eab00000,0x00000000eab00000,0x00000000ead80000)
  from space 512K, 31% used [0x00000000eaf00000,0x00000000eaf28000,0x00000000eaf80000)
  to   space 512K, 0% used [0x00000000eae80000,0x00000000eae80000,0x00000000eaf00000)
 ParOldGen       total 409600K, used 409137K [0x00000000c0000000, 0x00000000d9000000, 0x00000000eab00000)
  object space 409600K, 99% used [0x00000000c0000000,0x00000000d8f8c698,0x00000000d9000000)
 Metaspace       used 62004K, committed 63488K, reserved 1114112K
  class space    used 6451K, committed 7104K, reserved 1048576K
}
Event: 28.338 GC heap before
{Heap before GC invocations=264 (full 3):
 PSYoungGen      total 3072K, used 2720K [0x00000000eab00000, 0x00000000eaf80000, 0x0000000100000000)
  eden space 2560K, 100% used [0x00000000eab00000,0x00000000ead80000,0x00000000ead80000)
  from space 512K, 31% used [0x00000000eaf00000,0x00000000eaf28000,0x00000000eaf80000)
  to   space 512K, 0% used [0x00000000eae80000,0x00000000eae80000,0x00000000eaf00000)
 ParOldGen       total 409600K, used 409137K [0x00000000c0000000, 0x00000000d9000000, 0x00000000eab00000)
  object space 409600K, 99% used [0x00000000c0000000,0x00000000d8f8c698,0x00000000d9000000)
 Metaspace       used 62007K, committed 63488K, reserved 1114112K
  class space    used 6452K, committed 7104K, reserved 1048576K
}
Event: 28.340 GC heap after
{Heap after GC invocations=264 (full 3):
 PSYoungGen      total 3072K, used 96K [0x00000000eab00000, 0x00000000eaf80000, 0x0000000100000000)
  eden space 2560K, 0% used [0x00000000eab00000,0x00000000eab00000,0x00000000ead80000)
  from space 512K, 18% used [0x00000000eae80000,0x00000000eae98000,0x00000000eaf00000)
  to   space 512K, 0% used [0x00000000eaf00000,0x00000000eaf00000,0x00000000eaf80000)
 ParOldGen       total 409600K, used 409201K [0x00000000c0000000, 0x00000000d9000000, 0x00000000eab00000)
  object space 409600K, 99% used [0x00000000c0000000,0x00000000d8f9c698,0x00000000d9000000)
 Metaspace       used 62007K, committed 63488K, reserved 1114112K
  class space    used 6452K, committed 7104K, reserved 1048576K
}
Event: 28.373 GC heap before
{Heap before GC invocations=265 (full 3):
 PSYoungGen      total 3072K, used 2656K [0x00000000eab00000, 0x00000000eaf80000, 0x0000000100000000)
  eden space 2560K, 100% used [0x00000000eab00000,0x00000000ead80000,0x00000000ead80000)
  from space 512K, 18% used [0x00000000eae80000,0x00000000eae98000,0x00000000eaf00000)
  to   space 512K, 0% used [0x00000000eaf00000,0x00000000eaf00000,0x00000000eaf80000)
 ParOldGen       total 409600K, used 409201K [0x00000000c0000000, 0x00000000d9000000, 0x00000000eab00000)
  object space 409600K, 99% used [0x00000000c0000000,0x00000000d8f9c698,0x00000000d9000000)
 Metaspace       used 62015K, committed 63488K, reserved 1114112K
  class space    used 6454K, committed 7104K, reserved 1048576K
}
Event: 28.376 GC heap after
{Heap after GC invocations=265 (full 3):
 PSYoungGen      total 3072K, used 192K [0x00000000eab00000, 0x00000000eaf80000, 0x0000000100000000)
  eden space 2560K, 0% used [0x00000000eab00000,0x00000000eab00000,0x00000000ead80000)
  from space 512K, 37% used [0x00000000eaf00000,0x00000000eaf30000,0x00000000eaf80000)
  to   space 512K, 0% used [0x00000000eae80000,0x00000000eae80000,0x00000000eaf00000)
 ParOldGen       total 409600K, used 409281K [0x00000000c0000000, 0x00000000d9000000, 0x00000000eab00000)
  object space 409600K, 99% used [0x00000000c0000000,0x00000000d8fb0698,0x00000000d9000000)
 Metaspace       used 62015K, committed 63488K, reserved 1114112K
  class space    used 6454K, committed 7104K, reserved 1048576K
}
Event: 28.398 GC heap before
{Heap before GC invocations=266 (full 3):
 PSYoungGen      total 3072K, used 2752K [0x00000000eab00000, 0x00000000eaf80000, 0x0000000100000000)
  eden space 2560K, 100% used [0x00000000eab00000,0x00000000ead80000,0x00000000ead80000)
  from space 512K, 37% used [0x00000000eaf00000,0x00000000eaf30000,0x00000000eaf80000)
  to   space 512K, 0% used [0x00000000eae80000,0x00000000eae80000,0x00000000eaf00000)
 ParOldGen       total 409600K, used 409281K [0x00000000c0000000, 0x00000000d9000000, 0x00000000eab00000)
  object space 409600K, 99% used [0x00000000c0000000,0x00000000d8fb0698,0x00000000d9000000)
 Metaspace       used 62083K, committed 63552K, reserved 1114112K
  class space    used 6461K, committed 7104K, reserved 1048576K
}
Event: 28.400 GC heap after
{Heap after GC invocations=266 (full 3):
 PSYoungGen      total 3072K, used 488K [0x00000000eab00000, 0x00000000eaf80000, 0x0000000100000000)
  eden space 2560K, 0% used [0x00000000eab00000,0x00000000eab00000,0x00000000ead80000)
  from space 512K, 95% used [0x00000000eae80000,0x00000000eaefa200,0x00000000eaf00000)
  to   space 512K, 0% used [0x00000000eaf00000,0x00000000eaf00000,0x00000000eaf80000)
 ParOldGen       total 409600K, used 409385K [0x00000000c0000000, 0x00000000d9000000, 0x00000000eab00000)
  object space 409600K, 99% used [0x00000000c0000000,0x00000000d8fca648,0x00000000d9000000)
 Metaspace       used 62083K, committed 63552K, reserved 1114112K
  class space    used 6461K, committed 7104K, reserved 1048576K
}
Event: 28.420 GC heap before
{Heap before GC invocations=267 (full 3):
 PSYoungGen      total 3072K, used 3048K [0x00000000eab00000, 0x00000000eaf80000, 0x0000000100000000)
  eden space 2560K, 100% used [0x00000000eab00000,0x00000000ead80000,0x00000000ead80000)
  from space 512K, 95% used [0x00000000eae80000,0x00000000eaefa200,0x00000000eaf00000)
  to   space 512K, 0% used [0x00000000eaf00000,0x00000000eaf00000,0x00000000eaf80000)
 ParOldGen       total 409600K, used 409385K [0x00000000c0000000, 0x00000000d9000000, 0x00000000eab00000)
  object space 409600K, 99% used [0x00000000c0000000,0x00000000d8fca648,0x00000000d9000000)
 Metaspace       used 62110K, committed 63552K, reserved 1114112K
  class space    used 6466K, committed 7104K, reserved 1048576K
}
Event: 28.423 GC heap after
{Heap after GC invocations=267 (full 3):
 PSYoungGen      total 3072K, used 128K [0x00000000eab00000, 0x00000000eaf80000, 0x0000000100000000)
  eden space 2560K, 0% used [0x00000000eab00000,0x00000000eab00000,0x00000000ead80000)
  from space 512K, 25% used [0x00000000eaf00000,0x00000000eaf20000,0x00000000eaf80000)
  to   space 512K, 0% used [0x00000000eae80000,0x00000000eae80000,0x00000000eaf00000)
 ParOldGen       total 410112K, used 409843K [0x00000000c0000000, 0x00000000d9080000, 0x00000000eab00000)
  object space 410112K, 99% used [0x00000000c0000000,0x00000000d903cea8,0x00000000d9080000)
 Metaspace       used 62110K, committed 63552K, reserved 1114112K
  class space    used 6466K, committed 7104K, reserved 1048576K
}
Event: 28.439 GC heap before
{Heap before GC invocations=268 (full 3):
 PSYoungGen      total 3072K, used 2687K [0x00000000eab00000, 0x00000000eaf80000, 0x0000000100000000)
  eden space 2560K, 99% used [0x00000000eab00000,0x00000000ead7fff8,0x00000000ead80000)
  from space 512K, 25% used [0x00000000eaf00000,0x00000000eaf20000,0x00000000eaf80000)
  to   space 512K, 0% used [0x00000000eae80000,0x00000000eae80000,0x00000000eaf00000)
 ParOldGen       total 410112K, used 409843K [0x00000000c0000000, 0x00000000d9080000, 0x00000000eab00000)
  object space 410112K, 99% used [0x00000000c0000000,0x00000000d903cea8,0x00000000d9080000)
 Metaspace       used 62150K, committed 63616K, reserved 1114112K
  class space    used 6467K, committed 7104K, reserved 1048576K
}
Event: 28.440 GC heap after
{Heap after GC invocations=268 (full 3):
 PSYoungGen      total 3072K, used 224K [0x00000000eab00000, 0x00000000eaf80000, 0x0000000100000000)
  eden space 2560K, 0% used [0x00000000eab00000,0x00000000eab00000,0x00000000ead80000)
  from space 512K, 43% used [0x00000000eae80000,0x00000000eaeb8000,0x00000000eaf00000)
  to   space 512K, 0% used [0x00000000eaf00000,0x00000000eaf00000,0x00000000eaf80000)
 ParOldGen       total 410112K, used 409883K [0x00000000c0000000, 0x00000000d9080000, 0x00000000eab00000)
  object space 410112K, 99% used [0x00000000c0000000,0x00000000d9046ea8,0x00000000d9080000)
 Metaspace       used 62150K, committed 63616K, reserved 1114112K
  class space    used 6467K, committed 7104K, reserved 1048576K
}
Event: 28.475 GC heap before
{Heap before GC invocations=269 (full 3):
 PSYoungGen      total 3072K, used 2784K [0x00000000eab00000, 0x00000000eaf80000, 0x0000000100000000)
  eden space 2560K, 100% used [0x00000000eab00000,0x00000000ead80000,0x00000000ead80000)
  from space 512K, 43% used [0x00000000eae80000,0x00000000eaeb8000,0x00000000eaf00000)
  to   space 512K, 0% used [0x00000000eaf00000,0x00000000eaf00000,0x00000000eaf80000)
 ParOldGen       total 410112K, used 409883K [0x00000000c0000000, 0x00000000d9080000, 0x00000000eab00000)
  object space 410112K, 99% used [0x00000000c0000000,0x00000000d9046ea8,0x00000000d9080000)
 Metaspace       used 62264K, committed 63744K, reserved 1114112K
  class space    used 6481K, committed 7168K, reserved 1048576K
}
Event: 28.478 GC heap after
{Heap after GC invocations=269 (full 3):
 PSYoungGen      total 3072K, used 373K [0x00000000eab00000, 0x00000000eaf80000, 0x0000000100000000)
  eden space 2560K, 0% used [0x00000000eab00000,0x00000000eab00000,0x00000000ead80000)
  from space 512K, 72% used [0x00000000eaf00000,0x00000000eaf5d650,0x00000000eaf80000)
  to   space 512K, 0% used [0x00000000eae80000,0x00000000eae80000,0x00000000eaf00000)
 ParOldGen       total 410112K, used 409991K [0x00000000c0000000, 0x00000000d9080000, 0x00000000eab00000)
  object space 410112K, 99% used [0x00000000c0000000,0x00000000d9061d68,0x00000000d9080000)
 Metaspace       used 62264K, committed 63744K, reserved 1114112K
  class space    used 6481K, committed 7168K, reserved 1048576K
}
Event: 28.526 GC heap before
{Heap before GC invocations=270 (full 3):
 PSYoungGen      total 3072K, used 2933K [0x00000000eab00000, 0x00000000eaf80000, 0x0000000100000000)
  eden space 2560K, 100% used [0x00000000eab00000,0x00000000ead80000,0x00000000ead80000)
  from space 512K, 72% used [0x00000000eaf00000,0x00000000eaf5d650,0x00000000eaf80000)
  to   space 512K, 0% used [0x00000000eae80000,0x00000000eae80000,0x00000000eaf00000)
 ParOldGen       total 410112K, used 409991K [0x00000000c0000000, 0x00000000d9080000, 0x00000000eab00000)
  object space 410112K, 99% used [0x00000000c0000000,0x00000000d9061d68,0x00000000d9080000)
 Metaspace       used 62386K, committed 63872K, reserved 1114112K
  class space    used 6490K, committed 7168K, reserved 1048576K
}
Event: 28.528 GC heap after
{Heap after GC invocations=270 (full 3):
 PSYoungGen      total 3072K, used 224K [0x00000000eab00000, 0x00000000eaf80000, 0x0000000100000000)
  eden space 2560K, 0% used [0x00000000eab00000,0x00000000eab00000,0x00000000ead80000)
  from space 512K, 43% used [0x00000000eae80000,0x00000000eaeb8000,0x00000000eaf00000)
  to   space 512K, 0% used [0x00000000eaf00000,0x00000000eaf00000,0x00000000eaf80000)
 ParOldGen       total 410624K, used 410259K [0x00000000c0000000, 0x00000000d9100000, 0x00000000eab00000)
  object space 410624K, 99% used [0x00000000c0000000,0x00000000d90a4fe0,0x00000000d9100000)
 Metaspace       used 62386K, committed 63872K, reserved 1114112K
  class space    used 6490K, committed 7168K, reserved 1048576K
}
Event: 28.591 GC heap before
{Heap before GC invocations=271 (full 3):
 PSYoungGen      total 3072K, used 2783K [0x00000000eab00000, 0x00000000eaf80000, 0x0000000100000000)
  eden space 2560K, 99% used [0x00000000eab00000,0x00000000ead7fff8,0x00000000ead80000)
  from space 512K, 43% used [0x00000000eae80000,0x00000000eaeb8000,0x00000000eaf00000)
  to   space 512K, 0% used [0x00000000eaf00000,0x00000000eaf00000,0x00000000eaf80000)
 ParOldGen       total 410624K, used 410259K [0x00000000c0000000, 0x00000000d9100000, 0x00000000eab00000)
  object space 410624K, 99% used [0x00000000c0000000,0x00000000d90a4fe0,0x00000000d9100000)
 Metaspace       used 62642K, committed 64128K, reserved 1114112K
  class space    used 6508K, committed 7168K, reserved 1048576K
}
Event: 28.594 GC heap after
{Heap after GC invocations=271 (full 3):
 PSYoungGen      total 3072K, used 350K [0x00000000eab00000, 0x00000000eaf80000, 0x0000000100000000)
  eden space 2560K, 0% used [0x00000000eab00000,0x00000000eab00000,0x00000000ead80000)
  from space 512K, 68% used [0x00000000eaf00000,0x00000000eaf57b18,0x00000000eaf80000)
  to   space 512K, 0% used [0x00000000eae80000,0x00000000eae80000,0x00000000eaf00000)
 ParOldGen       total 410624K, used 410377K [0x00000000c0000000, 0x00000000d9100000, 0x00000000eab00000)
  object space 410624K, 99% used [0x00000000c0000000,0x00000000d90c2470,0x00000000d9100000)
 Metaspace       used 62642K, committed 64128K, reserved 1114112K
  class space    used 6508K, committed 7168K, reserved 1048576K
}
Event: 28.604 GC heap before
{Heap before GC invocations=272 (full 3):
 PSYoungGen      total 3072K, used 2910K [0x00000000eab00000, 0x00000000eaf80000, 0x0000000100000000)
  eden space 2560K, 100% used [0x00000000eab00000,0x00000000ead80000,0x00000000ead80000)
  from space 512K, 68% used [0x00000000eaf00000,0x00000000eaf57b18,0x00000000eaf80000)
  to   space 512K, 0% used [0x00000000eae80000,0x00000000eae80000,0x00000000eaf00000)
 ParOldGen       total 410624K, used 410377K [0x00000000c0000000, 0x00000000d9100000, 0x00000000eab00000)
  object space 410624K, 99% used [0x00000000c0000000,0x00000000d90c2470,0x00000000d9100000)
 Metaspace       used 62715K, committed 64192K, reserved 1114112K
  class space    used 6520K, committed 7168K, reserved 1048576K
}
Event: 28.611 GC heap after
{Heap after GC invocations=272 (full 3):
 PSYoungGen      total 3072K, used 288K [0x00000000eab00000, 0x00000000eaf80000, 0x0000000100000000)
  eden space 2560K, 0% used [0x00000000eab00000,0x00000000eab00000,0x00000000ead80000)
  from space 512K, 56% used [0x00000000eae80000,0x00000000eaec8040,0x00000000eaf00000)
  to   space 512K, 0% used [0x00000000eaf00000,0x00000000eaf00000,0x00000000eaf80000)
 ParOldGen       total 412160K, used 411802K [0x00000000c0000000, 0x00000000d9280000, 0x00000000eab00000)
  object space 412160K, 99% used [0x00000000c0000000,0x00000000d9226bf0,0x00000000d9280000)
 Metaspace       used 62715K, committed 64192K, reserved 1114112K
  class space    used 6520K, committed 7168K, reserved 1048576K
}

